<?xml version="1.0" encoding="UTF-8"?>
<testsuite xmlns:xsi="http://www.w3.org/2001/XMLSchema-instance" xsi:noNamespaceSchemaLocation="https://maven.apache.org/surefire/maven-surefire-plugin/xsd/surefire-test-report.xsd" name="TestSuite" time="79.618" tests="4" errors="0" skipped="0" failures="0">
  <properties>
[...]
</properties>
  <testcase name="userCreate" classname="Tests.CreateTest" time="17.555"/>
  <testcase name="editArticle" classname="Tests.ReadTest" time="14.006"/>
  <testcase name="updateArticle" classname="Tests.UpdateTest" time="24.273"/>
  <testcase name="deleteArticle" classname="Tests.DeleteTest" time="9.644"/>
</testsuite>